<?xml version="1.0" encoding="UTF-8"?>
<testsuite xmlns:xsi="http://www.w3.org/2001/XMLSchema-instance" xsi:noNamespaceSchemaLocation="https://maven.apache.org/surefire/maven-surefire-plugin/xsd/surefire-test-report.xsd" name="com.miaoshaproject.AppTest" time="0.059" tests="1" errors="0" skipped="0" failures="0">
  <properties>
    <property name="sun.desktop" value="windows"/>
    <property name="awt.toolkit" value="sun.awt.windows.WToolkit"/>
    <property name="file.encoding.pkg" value="sun.io"/>
    <property name="java.specification.version" value="1.8"/>
    <property name="sun.cpu.isalist" value="amd64"/>
    <property name="sun.jnu.encoding" value="GBK"/>
    <property name="java.class.path" value="D:\develop\IDEA_Workspace\miaosha\target\test-classes;D:\develop\IDEA_Workspace\miaosha\target\classes;D:\develop\mavenRep\com\google\guava\guava\18.0\guava-18.0.jar;D:\develop\mavenRep\org\springframework\boot\spring-boot-starter-data-redis\2.2.6.RELEASE\spring-boot-starter-data-redis-2.2.6.RELEASE.jar;D:\develop\mavenRep\org\springframework\boot\spring-boot-starter\2.2.6.RELEASE\spring-boot-starter-2.2.6.RELEASE.jar;D:\develop\mavenRep\org\springframework\boot\spring-boot\2.2.6.RELEASE\spring-boot-2.2.6.RELEASE.jar;D:\develop\mavenRep\org\springframework\boot\spring-boot-autoconfigure\2.2.6.RELEASE\spring-boot-autoconfigure-2.2.6.RELEASE.jar;D:\develop\mavenRep\org\springframework\boot\spring-boot-starter-logging\2.2.6.RELEASE\spring-boot-starter-logging-2.2.6.RELEASE.jar;D:\develop\mavenRep\ch\qos\logback\logback-classic\1.2.3\logback-classic-1.2.3.jar;D:\develop\mavenRep\ch\qos\logback\logback-core\1.2.3\logback-core-1.2.3.jar;D:\develop\mavenRep\org\apache\logging\log4j\log4j-to-slf4j\2.12.1\log4j-to-slf4j-2.12.1.jar;D:\develop\mavenRep\org\apache\logging\log4j\log4j-api\2.12.1\log4j-api-2.12.1.jar;D:\develop\mavenRep\org\slf4j\jul-to-slf4j\1.7.30\jul-to-slf4j-1.7.30.jar;D:\develop\mavenRep\jakarta\annotation\jakarta.annotation-api\1.3.5\jakarta.annotation-api-1.3.5.jar;D:\develop\mavenRep\org\springframework\spring-core\5.2.5.RELEASE\spring-core-5.2.5.RELEASE.jar;D:\develop\mavenRep\org\yaml\snakeyaml\1.25\snakeyaml-1.25.jar;D:\develop\mavenRep\org\springframework\data\spring-data-redis\2.2.6.RELEASE\spring-data-redis-2.2.6.RELEASE.jar;D:\develop\mavenRep\org\springframework\data\spring-data-keyvalue\2.2.6.RELEASE\spring-data-keyvalue-2.2.6.RELEASE.jar;D:\develop\mavenRep\org\springframework\data\spring-data-commons\2.2.6.RELEASE\spring-data-commons-2.2.6.RELEASE.jar;D:\develop\mavenRep\org\springframework\spring-tx\5.2.5.RELEASE\spring-tx-5.2.5.RELEASE.jar;D:\develop\mavenRep\org\springframework\spring-oxm\5.2.5.RELEASE\spring-oxm-5.2.5.RELEASE.jar;D:\develop\mavenRep\org\springframework\spring-aop\5.2.5.RELEASE\spring-aop-5.2.5.RELEASE.jar;D:\develop\mavenRep\org\springframework\spring-context-support\5.2.5.RELEASE\spring-context-support-5.2.5.RELEASE.jar;D:\develop\mavenRep\org\slf4j\slf4j-api\1.7.30\slf4j-api-1.7.30.jar;D:\develop\mavenRep\io\lettuce\lettuce-core\5.2.2.RELEASE\lettuce-core-5.2.2.RELEASE.jar;D:\develop\mavenRep\io\netty\netty-common\4.1.48.Final\netty-common-4.1.48.Final.jar;D:\develop\mavenRep\io\netty\netty-handler\4.1.48.Final\netty-handler-4.1.48.Final.jar;D:\develop\mavenRep\io\netty\netty-resolver\4.1.48.Final\netty-resolver-4.1.48.Final.jar;D:\develop\mavenRep\io\netty\netty-buffer\4.1.48.Final\netty-buffer-4.1.48.Final.jar;D:\develop\mavenRep\io\netty\netty-codec\4.1.48.Final\netty-codec-4.1.48.Final.jar;D:\develop\mavenRep\io\netty\netty-transport\4.1.48.Final\netty-transport-4.1.48.Final.jar;D:\develop\mavenRep\io\projectreactor\reactor-core\3.3.4.RELEASE\reactor-core-3.3.4.RELEASE.jar;D:\develop\mavenRep\org\reactivestreams\reactive-streams\1.0.3\reactive-streams-1.0.3.jar;D:\develop\mavenRep\org\springframework\session\spring-session-data-redis\2.2.2.RELEASE\spring-session-data-redis-2.2.2.RELEASE.jar;D:\develop\mavenRep\org\springframework\session\spring-session-core\2.2.2.RELEASE\spring-session-core-2.2.2.RELEASE.jar;D:\develop\mavenRep\org\springframework\spring-jcl\5.2.5.RELEASE\spring-jcl-5.2.5.RELEASE.jar;D:\develop\mavenRep\joda-time\joda-time\2.9.1\joda-time-2.9.1.jar;D:\develop\mavenRep\org\apache\commons\commons-lang3\3.4\commons-lang3-3.4.jar;D:\develop\mavenRep\org\springframework\boot\spring-boot-starter-web\2.2.6.RELEASE\spring-boot-starter-web-2.2.6.RELEASE.jar;D:\develop\mavenRep\org\springframework\boot\spring-boot-starter-json\2.2.6.RELEASE\spring-boot-starter-json-2.2.6.RELEASE.jar;D:\develop\mavenRep\com\fasterxml\jackson\core\jackson-databind\2.10.3\jackson-databind-2.10.3.jar;D:\develop\mavenRep\com\fasterxml\jackson\core\jackson-annotations\2.10.3\jackson-annotations-2.10.3.jar;D:\develop\mavenRep\com\fasterxml\jackson\core\jackson-core\2.10.3\jackson-core-2.10.3.jar;D:\develop\mavenRep\com\fasterxml\jackson\datatype\jackson-datatype-jdk8\2.10.3\jackson-datatype-jdk8-2.10.3.jar;D:\develop\mavenRep\com\fasterxml\jackson\datatype\jackson-datatype-jsr310\2.10.3\jackson-datatype-jsr310-2.10.3.jar;D:\develop\mavenRep\com\fasterxml\jackson\module\jackson-module-parameter-names\2.10.3\jackson-module-parameter-names-2.10.3.jar;D:\develop\mavenRep\org\springframework\boot\spring-boot-starter-tomcat\2.2.6.RELEASE\spring-boot-starter-tomcat-2.2.6.RELEASE.jar;D:\develop\mavenRep\org\apache\tomcat\embed\tomcat-embed-core\9.0.33\tomcat-embed-core-9.0.33.jar;D:\develop\mavenRep\org\apache\tomcat\embed\tomcat-embed-el\9.0.33\tomcat-embed-el-9.0.33.jar;D:\develop\mavenRep\org\apache\tomcat\embed\tomcat-embed-websocket\9.0.33\tomcat-embed-websocket-9.0.33.jar;D:\develop\mavenRep\org\springframework\boot\spring-boot-starter-validation\2.2.6.RELEASE\spring-boot-starter-validation-2.2.6.RELEASE.jar;D:\develop\mavenRep\jakarta\validation\jakarta.validation-api\2.0.2\jakarta.validation-api-2.0.2.jar;D:\develop\mavenRep\org\hibernate\validator\hibernate-validator\6.0.18.Final\hibernate-validator-6.0.18.Final.jar;D:\develop\mavenRep\org\jboss\logging\jboss-logging\3.4.1.Final\jboss-logging-3.4.1.Final.jar;D:\develop\mavenRep\com\fasterxml\classmate\1.5.1\classmate-1.5.1.jar;D:\develop\mavenRep\org\springframework\spring-web\5.2.5.RELEASE\spring-web-5.2.5.RELEASE.jar;D:\develop\mavenRep\org\springframework\spring-beans\5.2.5.RELEASE\spring-beans-5.2.5.RELEASE.jar;D:\develop\mavenRep\org\springframework\spring-webmvc\5.2.5.RELEASE\spring-webmvc-5.2.5.RELEASE.jar;D:\develop\mavenRep\org\springframework\spring-context\5.2.5.RELEASE\spring-context-5.2.5.RELEASE.jar;D:\develop\mavenRep\org\springframework\spring-expression\5.2.5.RELEASE\spring-expression-5.2.5.RELEASE.jar;D:\develop\mavenRep\mysql\mysql-connector-java\8.0.20\mysql-connector-java-8.0.20.jar;D:\develop\mavenRep\com\alibaba\druid\1.1.10\druid-1.1.10.jar;D:\develop\mavenRep\org\mybatis\spring\boot\mybatis-spring-boot-starter\2.1.2\mybatis-spring-boot-starter-2.1.2.jar;D:\develop\mavenRep\org\springframework\boot\spring-boot-starter-jdbc\2.2.6.RELEASE\spring-boot-starter-jdbc-2.2.6.RELEASE.jar;D:\develop\mavenRep\com\zaxxer\HikariCP\3.4.2\HikariCP-3.4.2.jar;D:\develop\mavenRep\org\springframework\spring-jdbc\5.2.5.RELEASE\spring-jdbc-5.2.5.RELEASE.jar;D:\develop\mavenRep\org\mybatis\spring\boot\mybatis-spring-boot-autoconfigure\2.1.2\mybatis-spring-boot-autoconfigure-2.1.2.jar;D:\develop\mavenRep\org\mybatis\mybatis\3.5.4\mybatis-3.5.4.jar;D:\develop\mavenRep\org\mybatis\mybatis-spring\2.0.4\mybatis-spring-2.0.4.jar;D:\develop\mavenRep\junit\junit\4.11\junit-4.11.jar;D:\develop\mavenRep\org\hamcrest\hamcrest-core\2.1\hamcrest-core-2.1.jar;D:\develop\mavenRep\org\hamcrest\hamcrest\2.1\hamcrest-2.1.jar;"/>
    <property name="java.vm.vendor" value="Oracle Corporation"/>
    <property name="sun.arch.data.model" value="64"/>
    <property name="user.variant" value=""/>
    <property name="java.vendor.url" value="http://java.oracle.com/"/>
    <property name="user.timezone" value="Asia/Shanghai"/>
    <property name="java.vm.specification.version" value="1.8"/>
    <property name="os.name" value="Windows 10"/>
    <property name="user.country" value="CN"/>
    <property name="sun.java.launcher" value="SUN_STANDARD"/>
    <property name="sun.boot.library.path" value="D:\develop\JavaSE\JDK8\jre\bin"/>
    <property name="sun.java.command" value="C:\Users\杨国强\AppData\Local\Temp\surefire7738878556064437366\surefirebooter8345760041455823144.jar C:\Users\杨国强\AppData\Local\Temp\surefire7738878556064437366 2020-06-10T09-52-12_575-jvmRun1 surefire7490552730286479370tmp surefire_08886688340321872660tmp"/>
    <property name="surefire.test.class.path" value="D:\develop\IDEA_Workspace\miaosha\target\test-classes;D:\develop\IDEA_Workspace\miaosha\target\classes;D:\develop\mavenRep\com\google\guava\guava\18.0\guava-18.0.jar;D:\develop\mavenRep\org\springframework\boot\spring-boot-starter-data-redis\2.2.6.RELEASE\spring-boot-starter-data-redis-2.2.6.RELEASE.jar;D:\develop\mavenRep\org\springframework\boot\spring-boot-starter\2.2.6.RELEASE\spring-boot-starter-2.2.6.RELEASE.jar;D:\develop\mavenRep\org\springframework\boot\spring-boot\2.2.6.RELEASE\spring-boot-2.2.6.RELEASE.jar;D:\develop\mavenRep\org\springframework\boot\spring-boot-autoconfigure\2.2.6.RELEASE\spring-boot-autoconfigure-2.2.6.RELEASE.jar;D:\develop\mavenRep\org\springframework\boot\spring-boot-starter-logging\2.2.6.RELEASE\spring-boot-starter-logging-2.2.6.RELEASE.jar;D:\develop\mavenRep\ch\qos\logback\logback-classic\1.2.3\logback-classic-1.2.3.jar;D:\develop\mavenRep\ch\qos\logback\logback-core\1.2.3\logback-core-1.2.3.jar;D:\develop\mavenRep\org\apache\logging\log4j\log4j-to-slf4j\2.12.1\log4j-to-slf4j-2.12.1.jar;D:\develop\mavenRep\org\apache\logging\log4j\log4j-api\2.12.1\log4j-api-2.12.1.jar;D:\develop\mavenRep\org\slf4j\jul-to-slf4j\1.7.30\jul-to-slf4j-1.7.30.jar;D:\develop\mavenRep\jakarta\annotation\jakarta.annotation-api\1.3.5\jakarta.annotation-api-1.3.5.jar;D:\develop\mavenRep\org\springframework\spring-core\5.2.5.RELEASE\spring-core-5.2.5.RELEASE.jar;D:\develop\mavenRep\org\yaml\snakeyaml\1.25\snakeyaml-1.25.jar;D:\develop\mavenRep\org\springframework\data\spring-data-redis\2.2.6.RELEASE\spring-data-redis-2.2.6.RELEASE.jar;D:\develop\mavenRep\org\springframework\data\spring-data-keyvalue\2.2.6.RELEASE\spring-data-keyvalue-2.2.6.RELEASE.jar;D:\develop\mavenRep\org\springframework\data\spring-data-commons\2.2.6.RELEASE\spring-data-commons-2.2.6.RELEASE.jar;D:\develop\mavenRep\org\springframework\spring-tx\5.2.5.RELEASE\spring-tx-5.2.5.RELEASE.jar;D:\develop\mavenRep\org\springframework\spring-oxm\5.2.5.RELEASE\spring-oxm-5.2.5.RELEASE.jar;D:\develop\mavenRep\org\springframework\spring-aop\5.2.5.RELEASE\spring-aop-5.2.5.RELEASE.jar;D:\develop\mavenRep\org\springframework\spring-context-support\5.2.5.RELEASE\spring-context-support-5.2.5.RELEASE.jar;D:\develop\mavenRep\org\slf4j\slf4j-api\1.7.30\slf4j-api-1.7.30.jar;D:\develop\mavenRep\io\lettuce\lettuce-core\5.2.2.RELEASE\lettuce-core-5.2.2.RELEASE.jar;D:\develop\mavenRep\io\netty\netty-common\4.1.48.Final\netty-common-4.1.48.Final.jar;D:\develop\mavenRep\io\netty\netty-handler\4.1.48.Final\netty-handler-4.1.48.Final.jar;D:\develop\mavenRep\io\netty\netty-resolver\4.1.48.Final\netty-resolver-4.1.48.Final.jar;D:\develop\mavenRep\io\netty\netty-buffer\4.1.48.Final\netty-buffer-4.1.48.Final.jar;D:\develop\mavenRep\io\netty\netty-codec\4.1.48.Final\netty-codec-4.1.48.Final.jar;D:\develop\mavenRep\io\netty\netty-transport\4.1.48.Final\netty-transport-4.1.48.Final.jar;D:\develop\mavenRep\io\projectreactor\reactor-core\3.3.4.RELEASE\reactor-core-3.3.4.RELEASE.jar;D:\develop\mavenRep\org\reactivestreams\reactive-streams\1.0.3\reactive-streams-1.0.3.jar;D:\develop\mavenRep\org\springframework\session\spring-session-data-redis\2.2.2.RELEASE\spring-session-data-redis-2.2.2.RELEASE.jar;D:\develop\mavenRep\org\springframework\session\spring-session-core\2.2.2.RELEASE\spring-session-core-2.2.2.RELEASE.jar;D:\develop\mavenRep\org\springframework\spring-jcl\5.2.5.RELEASE\spring-jcl-5.2.5.RELEASE.jar;D:\develop\mavenRep\joda-time\joda-time\2.9.1\joda-time-2.9.1.jar;D:\develop\mavenRep\org\apache\commons\commons-lang3\3.4\commons-lang3-3.4.jar;D:\develop\mavenRep\org\springframework\boot\spring-boot-starter-web\2.2.6.RELEASE\spring-boot-starter-web-2.2.6.RELEASE.jar;D:\develop\mavenRep\org\springframework\boot\spring-boot-starter-json\2.2.6.RELEASE\spring-boot-starter-json-2.2.6.RELEASE.jar;D:\develop\mavenRep\com\fasterxml\jackson\core\jackson-databind\2.10.3\jackson-databind-2.10.3.jar;D:\develop\mavenRep\com\fasterxml\jackson\core\jackson-annotations\2.10.3\jackson-annotations-2.10.3.jar;D:\develop\mavenRep\com\fasterxml\jackson\core\jackson-core\2.10.3\jackson-core-2.10.3.jar;D:\develop\mavenRep\com\fasterxml\jackson\datatype\jackson-datatype-jdk8\2.10.3\jackson-datatype-jdk8-2.10.3.jar;D:\develop\mavenRep\com\fasterxml\jackson\datatype\jackson-datatype-jsr310\2.10.3\jackson-datatype-jsr310-2.10.3.jar;D:\develop\mavenRep\com\fasterxml\jackson\module\jackson-module-parameter-names\2.10.3\jackson-module-parameter-names-2.10.3.jar;D:\develop\mavenRep\org\springframework\boot\spring-boot-starter-tomcat\2.2.6.RELEASE\spring-boot-starter-tomcat-2.2.6.RELEASE.jar;D:\develop\mavenRep\org\apache\tomcat\embed\tomcat-embed-core\9.0.33\tomcat-embed-core-9.0.33.jar;D:\develop\mavenRep\org\apache\tomcat\embed\tomcat-embed-el\9.0.33\tomcat-embed-el-9.0.33.jar;D:\develop\mavenRep\org\apache\tomcat\embed\tomcat-embed-websocket\9.0.33\tomcat-embed-websocket-9.0.33.jar;D:\develop\mavenRep\org\springframework\boot\spring-boot-starter-validation\2.2.6.RELEASE\spring-boot-starter-validation-2.2.6.RELEASE.jar;D:\develop\mavenRep\jakarta\validation\jakarta.validation-api\2.0.2\jakarta.validation-api-2.0.2.jar;D:\develop\mavenRep\org\hibernate\validator\hibernate-validator\6.0.18.Final\hibernate-validator-6.0.18.Final.jar;D:\develop\mavenRep\org\jboss\logging\jboss-logging\3.4.1.Final\jboss-logging-3.4.1.Final.jar;D:\develop\mavenRep\com\fasterxml\classmate\1.5.1\classmate-1.5.1.jar;D:\develop\mavenRep\org\springframework\spring-web\5.2.5.RELEASE\spring-web-5.2.5.RELEASE.jar;D:\develop\mavenRep\org\springframework\spring-beans\5.2.5.RELEASE\spring-beans-5.2.5.RELEASE.jar;D:\develop\mavenRep\org\springframework\spring-webmvc\5.2.5.RELEASE\spring-webmvc-5.2.5.RELEASE.jar;D:\develop\mavenRep\org\springframework\spring-context\5.2.5.RELEASE\spring-context-5.2.5.RELEASE.jar;D:\develop\mavenRep\org\springframework\spring-expression\5.2.5.RELEASE\spring-expression-5.2.5.RELEASE.jar;D:\develop\mavenRep\mysql\mysql-connector-java\8.0.20\mysql-connector-java-8.0.20.jar;D:\develop\mavenRep\com\alibaba\druid\1.1.10\druid-1.1.10.jar;D:\develop\mavenRep\org\mybatis\spring\boot\mybatis-spring-boot-starter\2.1.2\mybatis-spring-boot-starter-2.1.2.jar;D:\develop\mavenRep\org\springframework\boot\spring-boot-starter-jdbc\2.2.6.RELEASE\spring-boot-starter-jdbc-2.2.6.RELEASE.jar;D:\develop\mavenRep\com\zaxxer\HikariCP\3.4.2\HikariCP-3.4.2.jar;D:\develop\mavenRep\org\springframework\spring-jdbc\5.2.5.RELEASE\spring-jdbc-5.2.5.RELEASE.jar;D:\develop\mavenRep\org\mybatis\spring\boot\mybatis-spring-boot-autoconfigure\2.1.2\mybatis-spring-boot-autoconfigure-2.1.2.jar;D:\develop\mavenRep\org\mybatis\mybatis\3.5.4\mybatis-3.5.4.jar;D:\develop\mavenRep\org\mybatis\mybatis-spring\2.0.4\mybatis-spring-2.0.4.jar;D:\develop\mavenRep\junit\junit\4.11\junit-4.11.jar;D:\develop\mavenRep\org\hamcrest\hamcrest-core\2.1\hamcrest-core-2.1.jar;D:\develop\mavenRep\org\hamcrest\hamcrest\2.1\hamcrest-2.1.jar;"/>
    <property name="sun.cpu.endian" value="little"/>
    <property name="user.home" value="C:\Users\杨国强"/>
    <property name="user.language" value="zh"/>
    <property name="java.specification.vendor" value="Oracle Corporation"/>
    <property name="java.home" value="D:\develop\JavaSE\JDK8\jre"/>
    <property name="basedir" value="D:\develop\IDEA_Workspace\miaosha"/>
    <property name="file.separator" value="\"/>
    <property name="line.separator" value="&#10;"/>
    <property name="java.vm.specification.vendor" value="Oracle Corporation"/>
    <property name="java.specification.name" value="Java Platform API Specification"/>
    <property name="java.awt.graphicsenv" value="sun.awt.Win32GraphicsEnvironment"/>
    <property name="surefire.real.class.path" value="C:\Users\杨国强\AppData\Local\Temp\surefire7738878556064437366\surefirebooter8345760041455823144.jar"/>
    <property name="sun.boot.class.path" value="D:\develop\JavaSE\JDK8\jre\lib\resources.jar;D:\develop\JavaSE\JDK8\jre\lib\rt.jar;D:\develop\JavaSE\JDK8\jre\lib\sunrsasign.jar;D:\develop\JavaSE\JDK8\jre\lib\jsse.jar;D:\develop\JavaSE\JDK8\jre\lib\jce.jar;D:\develop\JavaSE\JDK8\jre\lib\charsets.jar;D:\develop\JavaSE\JDK8\jre\lib\jfr.jar;D:\develop\JavaSE\JDK8\jre\classes"/>
    <property name="user.script" value=""/>
    <property name="sun.management.compiler" value="HotSpot 64-Bit Tiered Compilers"/>
    <property name="java.runtime.version" value="1.8.0_231-b11"/>
    <property name="user.name" value="杨国强"/>
    <property name="path.separator" value=";"/>
    <property name="os.version" value="10.0"/>
    <property name="java.endorsed.dirs" value="D:\develop\JavaSE\JDK8\jre\lib\endorsed"/>
    <property name="java.runtime.name" value="Java(TM) SE Runtime Environment"/>
    <property name="file.encoding" value="GBK"/>
    <property name="java.vm.name" value="Java HotSpot(TM) 64-Bit Server VM"/>
    <property name="localRepository" value="D:\develop\mavenRep"/>
    <property name="java.vendor.url.bug" value="http://bugreport.sun.com/bugreport/"/>
    <property name="java.io.tmpdir" value="C:\Users\杨国强\AppData\Local\Temp\"/>
    <property name="java.version" value="1.8.0_231"/>
    <property name="user.dir" value="D:\develop\IDEA_Workspace\miaosha"/>
    <property name="os.arch" value="amd64"/>
    <property name="java.vm.specification.name" value="Java Virtual Machine Specification"/>
    <property name="java.awt.printerjob" value="sun.awt.windows.WPrinterJob"/>
    <property name="sun.os.patch.level" value=""/>
    <property name="java.library.path" value="D:\develop\JavaSE\JDK8\jre\bin;C:\WINDOWS\Sun\Java\bin;C:\WINDOWS\system32;C:\WINDOWS;D:\installation\Xshell\;C:\Program Files (x86)\Common Files\Oracle\Java\javapath;C:\WINDOWS\system32;C:\WINDOWS;C:\WINDOWS\System32\Wbem;C:\WINDOWS\System32\WindowsPowerShell\v1.0\;C:\WINDOWS\System32\OpenSSH\;D:\my installation\MatlabR2017b\runtime\win64;D:\my installation\MatlabR2017b\bin;D:\installation\opencv\opencv\build\x64\vc14\bin;C:\Program Files (x86)\Google\Chrome\Application\chromedriver.exe\;C:\Program Files\Microsoft\Web Platform Installer\;C:\Program Files (x86)\Microsoft ASP.NET\ASP.NET Web Pages\v1.0\;C:\Program Files\Microsoft SQL Server\110\Tools\Binn\;D:\installation\matlab2013a\runtime\win64;D:\installation\matlab2013a\bin;D:\develop\JavaSE\JDK8\bin;D:\develop\JavaSE\JDK8\jre\bin;D:\installation\MySQL\bin;D:\installation\Git\cmd;D:\Anaconda3;D:\Anaconda3\Library\mingw-w64\bin;D:\Anaconda3\Library\usr\bin;D:\Anaconda3\Library\bin;D:\Anaconda3\Scripts;C:\Users\杨国强\AppData\Local\Microsoft\WindowsApps;C:\我的安装\;D:\my installation\PyCharm 2018.3.3\bin;;D:\installation\texlive\2018\bin\win32;D:\installation\opencv2.4.8\opencv\build\x86\vc11\bin;D:\develop\apache-maven-3.5.4\bin;;D:\develop\IntelliJ IDEA 2020.1\bin;;."/>
    <property name="java.vm.info" value="mixed mode"/>
    <property name="java.vendor" value="Oracle Corporation"/>
    <property name="java.vm.version" value="25.231-b11"/>
    <property name="java.ext.dirs" value="D:\develop\JavaSE\JDK8\jre\lib\ext;C:\WINDOWS\Sun\Java\lib\ext"/>
    <property name="sun.io.unicode.encoding" value="UnicodeLittle"/>
    <property name="java.class.version" value="52.0"/>
  </properties>
  <testcase name="shouldAnswerWithTrue" classname="com.miaoshaproject.AppTest" time="0.001"/>
</testsuite>